Using pre-set license
Built from '2020.2/release' branch; Version is '2020.2.1f1 (270dd8c3da1c) revision 2559448'; Using compiler version '192528614'; Build Type 'Release'
OS: 'Windows 10  (10.0.0) 64bit' Language: 'pl' Physical Memory: 16329 MB
BatchMode: 1, IsHumanControllingUs: 0, StartBugReporterOnCrash: 0, Is64bit: 1, IsPro: 0

 COMMAND LINE ARGUMENTS:
C:\Program Files\Unity\Hub\Editor\2020.2.1f1\Editor\Unity.exe
-adb2
-batchMode
-noUpm
-name
AssetImportWorker0
-projectPath
H:/DukeByteYT/Repos/Programming-Theory-Repo/Programming Theory Project
-logFile
Logs/AssetImportWorker0.log
-srvPort
53024
Successfully changed project path to: H:/DukeByteYT/Repos/Programming-Theory-Repo/Programming Theory Project
H:/DukeByteYT/Repos/Programming-Theory-Repo/Programming Theory Project
Using Asset Import Pipeline V2.
Refreshing native plugins compatible for Editor in 30.53 ms, found 0 plugins.
Preloading 0 native plugins for Editor in 0.00 ms.
Initialize engine version: 2020.2.1f1 (270dd8c3da1c)
[Subsystems] Discovering subsystems at path C:/Program Files/Unity/Hub/Editor/2020.2.1f1/Editor/Data/Resources/UnitySubsystems
[Subsystems] Discovering subsystems at path H:/DukeByteYT/Repos/Programming-Theory-Repo/Programming Theory Project/Assets
GfxDevice: creating device client; threaded=0
Direct3D:
    Version:  Direct3D 11.0 [level 11.1]
    Renderer: NVIDIA GeForce GTX 1050 Ti (ID=0x1c82)
    Vendor:   
    VRAM:     4018 MB
    Driver:   27.21.14.5671
Initialize mono
Mono path[0] = 'C:/Program Files/Unity/Hub/Editor/2020.2.1f1/Editor/Data/Managed'
Mono path[1] = 'C:/Program Files/Unity/Hub/Editor/2020.2.1f1/Editor/Data/MonoBleedingEdge/lib/mono/unityjit'
Mono config path = 'C:/Program Files/Unity/Hub/Editor/2020.2.1f1/Editor/Data/MonoBleedingEdge/etc'
Using monoOptions --debugger-agent=transport=dt_socket,embedding=1,server=y,suspend=n,address=127.0.0.1:56780
Begin MonoManager ReloadAssembly
Registering precompiled unity dll's ...
Register platform support module: C:/Program Files/Unity/Hub/Editor/2020.2.1f1/Editor/Data/PlaybackEngines/WebGLSupport/UnityEditor.WebGL.Extensions.dll
Register platform support module: C:/Program Files/Unity/Hub/Editor/2020.2.1f1/Editor/Data/PlaybackEngines/WindowsStandaloneSupport/UnityEditor.WindowsStandalone.Extensions.dll
Registered in 0.005714 seconds.
Native extension for WindowsStandalone target not found
Native extension for WebGL target not found
Refreshing native plugins compatible for Editor in 30.29 ms, found 0 plugins.
Preloading 0 native plugins for Editor in 0.00 ms.
Invoked RoslynAnalysisRunner static constructor.
RoslynAnalysisRunner will not be running.
RoslynAnalysisRunner has terminated.
Mono: successfully reloaded assembly
- Completed reload, in  3.718 seconds
Platform modules already initialized, skipping
Registering precompiled user dll's ...
Registered in 0.000901 seconds.
Begin MonoManager ReloadAssembly
Native extension for WindowsStandalone target not found
Native extension for WebGL target not found
Refreshing native plugins compatible for Editor in 0.24 ms, found 0 plugins.
Preloading 0 native plugins for Editor in 0.00 ms.
Invoked RoslynAnalysisRunner static constructor.
RoslynAnalysisRunner will not be running.
RoslynAnalysisRunner has terminated.
Mono: successfully reloaded assembly
- Completed reload, in  1.115 seconds
Platform modules already initialized, skipping
========================================================================
Worker process is ready to serve import requests
Launched and connected shader compiler UnityShaderCompiler.exe after 0.07 seconds
Refreshing native plugins compatible for Editor in 0.23 ms, found 0 plugins.
Preloading 0 native plugins for Editor in 0.00 ms.
Unloading 1094 Unused Serialized files (Serialized files now loaded: 0)
System memory in use before: 56.0 MB.
System memory in use after: 56.0 MB.

Unloading 10 unused Assets to reduce memory usage. Loaded Objects now: 1534.
Total: 2.124600 ms (FindLiveObjects: 0.162100 ms CreateObjectMapping: 0.090300 ms MarkObjects: 1.809700 ms  DeleteObjects: 0.060900 ms)

========================================================================
Received Import Request.
  path: Assets/Scenes
  artifactKey: Guid(f41ca672bacd3664aaa0fc30b39d35c2) Importer(815301076,1909f56bfc062723c751e8b465ee728b)
Start importing Assets/Scenes using Guid(f41ca672bacd3664aaa0fc30b39d35c2) Importer(815301076,1909f56bfc062723c751e8b465ee728b)  -> (artifact id: '72ad19a9e8fea928d8a67095e60109a3') in 0.005347 seconds
  Import took 0.007598 seconds .

========================================================================
Received Import Request.
  Time since last request: 2.000103 seconds.
  path: Assets/Scenes
  artifactKey: Guid(f41ca672bacd3664aaa0fc30b39d35c2) Importer(815301076,1909f56bfc062723c751e8b465ee728b)
Start importing Assets/Scenes using Guid(f41ca672bacd3664aaa0fc30b39d35c2) Importer(815301076,1909f56bfc062723c751e8b465ee728b)  -> (artifact id: '72ad19a9e8fea928d8a67095e60109a3') in 0.002509 seconds
  Import took 0.005687 seconds .

========================================================================
Received Import Request.
  Time since last request: 5.816996 seconds.
  path: Assets/Scenes/GameScene.unity
  artifactKey: Guid(a637d644827f110428ffa34794bb151c) Importer(815301076,1909f56bfc062723c751e8b465ee728b)
Start importing Assets/Scenes/GameScene.unity using Guid(a637d644827f110428ffa34794bb151c) Importer(815301076,1909f56bfc062723c751e8b465ee728b)  -> (artifact id: 'b1c24e2574075c0c3e518e523fb87ebd') in 0.015963 seconds
  Import took 0.018584 seconds .

========================================================================
Received Import Request.
  Time since last request: 116.521226 seconds.
  path: Assets
  artifactKey: Guid(00000000000000001000000000000000) Importer(815301076,1909f56bfc062723c751e8b465ee728b)
Start importing Assets using Guid(00000000000000001000000000000000) Importer(815301076,1909f56bfc062723c751e8b465ee728b)  -> (artifact id: 'e1a2c4dac9df7c17871e19a3b74f0e9f') in 0.003963 seconds
  Import took 0.100881 seconds .

========================================================================
Received Import Request.
  Time since last request: 8.581945 seconds.
  path: Assets/Scripts
  artifactKey: Guid(b576b4d4c3969a648b21460ea2eae44a) Importer(815301076,1909f56bfc062723c751e8b465ee728b)
Start importing Assets/Scripts using Guid(b576b4d4c3969a648b21460ea2eae44a) Importer(815301076,1909f56bfc062723c751e8b465ee728b)  -> (artifact id: '9f168ec10388afd1fbc326c0be91cb4f') in 0.002792 seconds
  Import took 0.006932 seconds .

========================================================================
Received Import Request.
  Time since last request: 351.837026 seconds.
  path: Assets/Scripts/GameManager.cs
  artifactKey: Guid(6254e981bb9db9f44bda2637c43e61c6) Importer(815301076,1909f56bfc062723c751e8b465ee728b)
Start importing Assets/Scripts/GameManager.cs using Guid(6254e981bb9db9f44bda2637c43e61c6) Importer(815301076,1909f56bfc062723c751e8b465ee728b)  -> (artifact id: '5c5233dce40294d1665587f6d0af3c9d') in 0.044452 seconds
  Import took 0.141755 seconds .

========================================================================
Received Prepare
Registering precompiled user dll's ...
Registered in 0.000929 seconds.
Begin MonoManager ReloadAssembly
Native extension for WindowsStandalone target not found
Native extension for WebGL target not found
Refreshing native plugins compatible for Editor in 0.25 ms, found 0 plugins.
Preloading 0 native plugins for Editor in 0.00 ms.
Invoked RoslynAnalysisRunner static constructor.
RoslynAnalysisRunner will not be running.
RoslynAnalysisRunner has terminated.
Mono: successfully reloaded assembly
- Completed reload, in  1.132 seconds
Platform modules already initialized, skipping
Refreshing native plugins compatible for Editor in 0.24 ms, found 0 plugins.
Preloading 0 native plugins for Editor in 0.00 ms.
Unloading 1090 Unused Serialized files (Serialized files now loaded: 0)
System memory in use before: 56.0 MB.
System memory in use after: 56.1 MB.

Unloading 5 unused Assets to reduce memory usage. Loaded Objects now: 1537.
Total: 1.653600 ms (FindLiveObjects: 0.118300 ms CreateObjectMapping: 0.040500 ms MarkObjects: 1.428300 ms  DeleteObjects: 0.065200 ms)

========================================================================
Received Import Request.
  Time since last request: 600.520161 seconds.
  path: Assets/Scripts/MainMenuUI.cs
  artifactKey: Guid(9a65f8cedba6cf84bb98545f46dca51e) Importer(815301076,1909f56bfc062723c751e8b465ee728b)
Start importing Assets/Scripts/MainMenuUI.cs using Guid(9a65f8cedba6cf84bb98545f46dca51e) Importer(815301076,1909f56bfc062723c751e8b465ee728b)  -> (artifact id: '5b012796543eaf6b89ee47be5219451f') in 0.006788 seconds
  Import took 0.010196 seconds .

========================================================================
Received Prepare
Registering precompiled user dll's ...
Registered in 0.001040 seconds.
Begin MonoManager ReloadAssembly
Native extension for WindowsStandalone target not found
Native extension for WebGL target not found
Refreshing native plugins compatible for Editor in 0.27 ms, found 0 plugins.
Preloading 0 native plugins for Editor in 0.00 ms.
Invoked RoslynAnalysisRunner static constructor.
RoslynAnalysisRunner will not be running.
RoslynAnalysisRunner has terminated.
Mono: successfully reloaded assembly
- Completed reload, in  1.046 seconds
Platform modules already initialized, skipping
Refreshing native plugins compatible for Editor in 0.24 ms, found 0 plugins.
Preloading 0 native plugins for Editor in 0.00 ms.
Unloading 1091 Unused Serialized files (Serialized files now loaded: 0)
System memory in use before: 56.2 MB.
System memory in use after: 56.2 MB.

Unloading 5 unused Assets to reduce memory usage. Loaded Objects now: 1540.
Total: 2.073900 ms (FindLiveObjects: 0.210800 ms CreateObjectMapping: 0.046600 ms MarkObjects: 1.767700 ms  DeleteObjects: 0.047200 ms)

========================================================================
Received Import Request.
  Time since last request: 62.316260 seconds.
  path: Assets/Scripts/MainMenuUI.cs
  artifactKey: Guid(9a65f8cedba6cf84bb98545f46dca51e) Importer(815301076,1909f56bfc062723c751e8b465ee728b)
Start importing Assets/Scripts/MainMenuUI.cs using Guid(9a65f8cedba6cf84bb98545f46dca51e) Importer(815301076,1909f56bfc062723c751e8b465ee728b)  -> (artifact id: 'a55f09259048a1f85784189f81607799') in 0.006217 seconds
  Import took 0.009794 seconds .

========================================================================
Received Prepare
Registering precompiled user dll's ...
Registered in 0.000948 seconds.
Begin MonoManager ReloadAssembly
Native extension for WindowsStandalone target not found
Native extension for WebGL target not found
Refreshing native plugins compatible for Editor in 0.27 ms, found 0 plugins.
Preloading 0 native plugins for Editor in 0.00 ms.
Invoked RoslynAnalysisRunner static constructor.
RoslynAnalysisRunner will not be running.
RoslynAnalysisRunner has terminated.
Mono: successfully reloaded assembly
- Completed reload, in  1.013 seconds
Platform modules already initialized, skipping
Refreshing native plugins compatible for Editor in 0.24 ms, found 0 plugins.
Preloading 0 native plugins for Editor in 0.00 ms.
Unloading 1091 Unused Serialized files (Serialized files now loaded: 0)
System memory in use before: 56.3 MB.
System memory in use after: 56.3 MB.

Unloading 5 unused Assets to reduce memory usage. Loaded Objects now: 1542.
Total: 1.922300 ms (FindLiveObjects: 0.144600 ms CreateObjectMapping: 0.066100 ms MarkObjects: 1.660400 ms  DeleteObjects: 0.049800 ms)

========================================================================
Received Prepare
Registering precompiled user dll's ...
Registered in 0.000948 seconds.
Begin MonoManager ReloadAssembly
Native extension for WindowsStandalone target not found
Native extension for WebGL target not found
Refreshing native plugins compatible for Editor in 0.25 ms, found 0 plugins.
Preloading 0 native plugins for Editor in 0.00 ms.
Invoked RoslynAnalysisRunner static constructor.
RoslynAnalysisRunner will not be running.
RoslynAnalysisRunner has terminated.
Mono: successfully reloaded assembly
- Completed reload, in  1.065 seconds
Platform modules already initialized, skipping
Refreshing native plugins compatible for Editor in 0.34 ms, found 0 plugins.
Preloading 0 native plugins for Editor in 0.00 ms.
Unloading 1091 Unused Serialized files (Serialized files now loaded: 0)
System memory in use before: 56.4 MB.
System memory in use after: 56.4 MB.

Unloading 5 unused Assets to reduce memory usage. Loaded Objects now: 1544.
Total: 1.701700 ms (FindLiveObjects: 0.132000 ms CreateObjectMapping: 0.043100 ms MarkObjects: 1.468700 ms  DeleteObjects: 0.056400 ms)

========================================================================
Received Prepare
Registering precompiled user dll's ...
Registered in 0.001089 seconds.
Begin MonoManager ReloadAssembly
Native extension for WindowsStandalone target not found
Native extension for WebGL target not found
Refreshing native plugins compatible for Editor in 0.38 ms, found 0 plugins.
Preloading 0 native plugins for Editor in 0.00 ms.
Invoked RoslynAnalysisRunner static constructor.
RoslynAnalysisRunner will not be running.
RoslynAnalysisRunner has terminated.
Mono: successfully reloaded assembly
- Completed reload, in  1.338 seconds
Platform modules already initialized, skipping
Refreshing native plugins compatible for Editor in 0.25 ms, found 0 plugins.
Preloading 0 native plugins for Editor in 0.00 ms.
Unloading 1091 Unused Serialized files (Serialized files now loaded: 0)
System memory in use before: 56.4 MB.
System memory in use after: 56.5 MB.

Unloading 5 unused Assets to reduce memory usage. Loaded Objects now: 1546.
Total: 2.046400 ms (FindLiveObjects: 0.206500 ms CreateObjectMapping: 0.076200 ms MarkObjects: 1.715700 ms  DeleteObjects: 0.046500 ms)

========================================================================
Received Import Request.
  Time since last request: 721.744292 seconds.
  path: Assets/Scripts/GameMenuUI.cs
  artifactKey: Guid(fe66fe1c0d2cdc84fbce0eae0c1cd3b3) Importer(815301076,1909f56bfc062723c751e8b465ee728b)
Start importing Assets/Scripts/GameMenuUI.cs using Guid(fe66fe1c0d2cdc84fbce0eae0c1cd3b3) Importer(815301076,1909f56bfc062723c751e8b465ee728b)  -> (artifact id: '7f6cc83ca7227a493f0ca0da20d30faa') in 0.009321 seconds
  Import took 0.012947 seconds .

========================================================================
Received Prepare
Registering precompiled user dll's ...
Registered in 0.001386 seconds.
Begin MonoManager ReloadAssembly
Native extension for WindowsStandalone target not found
Native extension for WebGL target not found
Refreshing native plugins compatible for Editor in 0.26 ms, found 0 plugins.
Preloading 0 native plugins for Editor in 0.00 ms.
Invoked RoslynAnalysisRunner static constructor.
RoslynAnalysisRunner will not be running.
RoslynAnalysisRunner has terminated.
Mono: successfully reloaded assembly
- Completed reload, in  1.067 seconds
Platform modules already initialized, skipping
Refreshing native plugins compatible for Editor in 0.24 ms, found 0 plugins.
Preloading 0 native plugins for Editor in 0.00 ms.
Unloading 1092 Unused Serialized files (Serialized files now loaded: 0)
System memory in use before: 56.6 MB.
System memory in use after: 56.7 MB.

Unloading 5 unused Assets to reduce memory usage. Loaded Objects now: 1549.
Total: 1.998600 ms (FindLiveObjects: 0.143600 ms CreateObjectMapping: 0.052400 ms MarkObjects: 1.679100 ms  DeleteObjects: 0.122100 ms)

========================================================================
Received Import Request.
  Time since last request: 5.950817 seconds.
  path: Assets/Scripts/MainMenuUI.cs
  artifactKey: Guid(9a65f8cedba6cf84bb98545f46dca51e) Importer(815301076,1909f56bfc062723c751e8b465ee728b)
Start importing Assets/Scripts/MainMenuUI.cs using Guid(9a65f8cedba6cf84bb98545f46dca51e) Importer(815301076,1909f56bfc062723c751e8b465ee728b)  -> (artifact id: 'c87148fc9e739762bf09466f16898fd6') in 0.004843 seconds
  Import took 0.007657 seconds .

========================================================================
Received Prepare
Registering precompiled user dll's ...
Registered in 0.001017 seconds.
Begin MonoManager ReloadAssembly
Native extension for WindowsStandalone target not found
Native extension for WebGL target not found
Refreshing native plugins compatible for Editor in 0.25 ms, found 0 plugins.
Preloading 0 native plugins for Editor in 0.00 ms.
Invoked RoslynAnalysisRunner static constructor.
RoslynAnalysisRunner will not be running.
RoslynAnalysisRunner has terminated.
Mono: successfully reloaded assembly
- Completed reload, in  1.051 seconds
Platform modules already initialized, skipping
Refreshing native plugins compatible for Editor in 0.26 ms, found 0 plugins.
Preloading 0 native plugins for Editor in 0.00 ms.
Unloading 1092 Unused Serialized files (Serialized files now loaded: 0)
System memory in use before: 56.7 MB.
System memory in use after: 56.8 MB.

Unloading 5 unused Assets to reduce memory usage. Loaded Objects now: 1551.
Total: 2.124900 ms (FindLiveObjects: 0.170000 ms CreateObjectMapping: 0.102300 ms MarkObjects: 1.805700 ms  DeleteObjects: 0.045700 ms)

========================================================================
Received Import Request.
  Time since last request: 48.550502 seconds.
  path: Assets/Scripts/GameMenuUI.cs
  artifactKey: Guid(fe66fe1c0d2cdc84fbce0eae0c1cd3b3) Importer(815301076,1909f56bfc062723c751e8b465ee728b)
Start importing Assets/Scripts/GameMenuUI.cs using Guid(fe66fe1c0d2cdc84fbce0eae0c1cd3b3) Importer(815301076,1909f56bfc062723c751e8b465ee728b)  -> (artifact id: '9f0a3b6f11f82128915d9251fa9f8549') in 0.004603 seconds
  Import took 0.006944 seconds .

========================================================================
Received Import Request.
  Time since last request: 4.118531 seconds.
  path: Assets/Scenes/MenuScene.unity
  artifactKey: Guid(9fc0d4010bbf28b4594072e72b8655ab) Importer(815301076,1909f56bfc062723c751e8b465ee728b)
Start importing Assets/Scenes/MenuScene.unity using Guid(9fc0d4010bbf28b4594072e72b8655ab) Importer(815301076,1909f56bfc062723c751e8b465ee728b)  -> (artifact id: 'f671b89eb5a08804fc46105cae3c902e') in 0.016719 seconds
  Import took 0.021261 seconds .

========================================================================
Received Import Request.
  Time since last request: 9.921956 seconds.
  path: Assets/Scenes/GameScene.unity
  artifactKey: Guid(a637d644827f110428ffa34794bb151c) Importer(815301076,1909f56bfc062723c751e8b465ee728b)
Start importing Assets/Scenes/GameScene.unity using Guid(a637d644827f110428ffa34794bb151c) Importer(815301076,1909f56bfc062723c751e8b465ee728b)  -> (artifact id: '985104e227724dfd09e6bb2eadb3782b') in 0.002751 seconds
  Import took 0.005294 seconds .

========================================================================
Received Prepare
Registering precompiled user dll's ...
Registered in 0.000938 seconds.
Begin MonoManager ReloadAssembly
Native extension for WindowsStandalone target not found
Native extension for WebGL target not found
Refreshing native plugins compatible for Editor in 0.25 ms, found 0 plugins.
Preloading 0 native plugins for Editor in 0.00 ms.
Invoked RoslynAnalysisRunner static constructor.
RoslynAnalysisRunner will not be running.
RoslynAnalysisRunner has terminated.
Mono: successfully reloaded assembly
- Completed reload, in  1.021 seconds
Platform modules already initialized, skipping
Refreshing native plugins compatible for Editor in 0.25 ms, found 0 plugins.
Preloading 0 native plugins for Editor in 0.00 ms.
Unloading 1092 Unused Serialized files (Serialized files now loaded: 0)
System memory in use before: 56.8 MB.
System memory in use after: 56.9 MB.

Unloading 5 unused Assets to reduce memory usage. Loaded Objects now: 1553.
Total: 2.225400 ms (FindLiveObjects: 0.168600 ms CreateObjectMapping: 0.097500 ms MarkObjects: 1.906300 ms  DeleteObjects: 0.051600 ms)

========================================================================
Received Prepare
Registering precompiled user dll's ...
Registered in 0.000909 seconds.
Begin MonoManager ReloadAssembly
Native extension for WindowsStandalone target not found
Native extension for WebGL target not found
Refreshing native plugins compatible for Editor in 0.25 ms, found 0 plugins.
Preloading 0 native plugins for Editor in 0.00 ms.
Invoked RoslynAnalysisRunner static constructor.
RoslynAnalysisRunner will not be running.
RoslynAnalysisRunner has terminated.
Mono: successfully reloaded assembly
- Completed reload, in  0.992 seconds
Platform modules already initialized, skipping
Refreshing native plugins compatible for Editor in 0.64 ms, found 0 plugins.
Preloading 0 native plugins for Editor in 0.00 ms.
Unloading 1092 Unused Serialized files (Serialized files now loaded: 0)
System memory in use before: 56.9 MB.
System memory in use after: 57.0 MB.

Unloading 5 unused Assets to reduce memory usage. Loaded Objects now: 1555.
Total: 1.941300 ms (FindLiveObjects: 0.160800 ms CreateObjectMapping: 0.092000 ms MarkObjects: 1.635700 ms  DeleteObjects: 0.051700 ms)

